INFO:     Started server process [32240]
INFO:     Waiting for application startup.
ERROR:    Traceback (most recent call last):
  File "C:\Users\16375\AppData\Roaming\Python\Python312\site-packages\pymysql\connections.py", line 649, in connect
    sock = socket.create_connection(
           ^^^^^^^^^^^^^^^^^^^^^^^^^
  File "D:\2024.7-2025.1\python\anaconda\Anaconda3\Lib\socket.py", line 853, in create_connection
    raise exceptions[0]
  File "D:\2024.7-2025.1\python\anaconda\Anaconda3\Lib\socket.py", line 838, in create_connection
    sock.connect(sa)
ConnectionRefusedError: [WinError 10061] 蚕衾醴梓數呾儂儅憤擇橈ㄛ拸楊蟀諉﹝

During handling of the above exception, another exception occurred:

Traceback (most recent call last):
  File "C:\Users\16375\AppData\Roaming\Python\Python312\site-packages\sqlalchemy\engine\base.py", line 146, in __init__
    self._dbapi_connection = engine.raw_connection()
                             ^^^^^^^^^^^^^^^^^^^^^^^
  File "C:\Users\16375\AppData\Roaming\Python\Python312\site-packages\sqlalchemy\engine\base.py", line 3302, in raw_connection
    return self.pool.connect()
           ^^^^^^^^^^^^^^^^^^^
  File "C:\Users\16375\AppData\Roaming\Python\Python312\site-packages\sqlalchemy\pool\base.py", line 449, in connect
    return _ConnectionFairy._checkout(self)
           ^^^^^^^^^^^^^^^^^^^^^^^^^^^^^^^^
  File "C:\Users\16375\AppData\Roaming\Python\Python312\site-packages\sqlalchemy\pool\base.py", line 1263, in _checkout
    fairy = _ConnectionRecord.checkout(pool)
            ^^^^^^^^^^^^^^^^^^^^^^^^^^^^^^^^
  File "C:\Users\16375\AppData\Roaming\Python\Python312\site-packages\sqlalchemy\pool\base.py", line 712, in checkout
    rec = pool._do_get()
          ^^^^^^^^^^^^^^
  File "C:\Users\16375\AppData\Roaming\Python\Python312\site-packages\sqlalchemy\pool\impl.py", line 179, in _do_get
    with util.safe_reraise():
  File "C:\Users\16375\AppData\Roaming\Python\Python312\site-packages\sqlalchemy\util\langhelpers.py", line 146, in __exit__
    raise exc_value.with_traceback(exc_tb)
  File "C:\Users\16375\AppData\Roaming\Python\Python312\site-packages\sqlalchemy\pool\impl.py", line 177, in _do_get
    return self._create_connection()
           ^^^^^^^^^^^^^^^^^^^^^^^^^
  File "C:\Users\16375\AppData\Roaming\Python\Python312\site-packages\sqlalchemy\pool\base.py", line 390, in _create_connection
    return _ConnectionRecord(self)
           ^^^^^^^^^^^^^^^^^^^^^^^
  File "C:\Users\16375\AppData\Roaming\Python\Python312\site-packages\sqlalchemy\pool\base.py", line 674, in __init__
    self.__connect()
  File "C:\Users\16375\AppData\Roaming\Python\Python312\site-packages\sqlalchemy\pool\base.py", line 900, in __connect
    with util.safe_reraise():
  File "C:\Users\16375\AppData\Roaming\Python\Python312\site-packages\sqlalchemy\util\langhelpers.py", line 146, in __exit__
    raise exc_value.with_traceback(exc_tb)
  File "C:\Users\16375\AppData\Roaming\Python\Python312\site-packages\sqlalchemy\pool\base.py", line 896, in __connect
    self.dbapi_connection = connection = pool._invoke_creator(self)
                                         ^^^^^^^^^^^^^^^^^^^^^^^^^^
  File "C:\Users\16375\AppData\Roaming\Python\Python312\site-packages\sqlalchemy\engine\create.py", line 643, in connect
    return dialect.connect(*cargs, **cparams)
           ^^^^^^^^^^^^^^^^^^^^^^^^^^^^^^^^^^
  File "C:\Users\16375\AppData\Roaming\Python\Python312\site-packages\sqlalchemy\engine\default.py", line 621, in connect
    return self.loaded_dbapi.connect(*cargs, **cparams)
           ^^^^^^^^^^^^^^^^^^^^^^^^^^^^^^^^^^^^^^^^^^^^
  File "C:\Users\16375\AppData\Roaming\Python\Python312\site-packages\pymysql\connections.py", line 361, in __init__
    self.connect()
  File "C:\Users\16375\AppData\Roaming\Python\Python312\site-packages\pymysql\connections.py", line 716, in connect
    raise exc
pymysql.err.OperationalError: (2003, "Can't connect to MySQL server on 'localhost' ([WinError 10061] 蚕衾醴梓數呾儂儅憤擇橈ㄛ拸楊蟀諉﹝)")

The above exception was the direct cause of the following exception:

Traceback (most recent call last):
  File "C:\Users\16375\AppData\Roaming\Python\Python312\site-packages\starlette\routing.py", line 693, in lifespan
    async with self.lifespan_context(app) as maybe_state:
  File "D:\2024.7-2025.1\python\anaconda\Anaconda3\Lib\contextlib.py", line 210, in __aenter__
    return await anext(self.gen)
           ^^^^^^^^^^^^^^^^^^^^^
  File "C:\Users\16375\AppData\Roaming\Python\Python312\site-packages\fastapi\routing.py", line 133, in merged_lifespan
    async with original_context(app) as maybe_original_state:
  File "D:\2024.7-2025.1\python\anaconda\Anaconda3\Lib\contextlib.py", line 210, in __aenter__
    return await anext(self.gen)
           ^^^^^^^^^^^^^^^^^^^^^
  File "C:\Users\16375\AppData\Roaming\Python\Python312\site-packages\fastapi\routing.py", line 133, in merged_lifespan
    async with original_context(app) as maybe_original_state:
  File "C:\Users\16375\AppData\Roaming\Python\Python312\site-packages\starlette\routing.py", line 569, in __aenter__
    await self._router.startup()
  File "C:\Users\16375\AppData\Roaming\Python\Python312\site-packages\starlette\routing.py", line 672, in startup
    handler()
  File "G:\software\Intelligent-Q-A-System-develop\src\main.py", line 30, in startApplication
    Base.metadata.create_all(bind=engine)
  File "C:\Users\16375\AppData\Roaming\Python\Python312\site-packages\sqlalchemy\sql\schema.py", line 5868, in create_all
    bind._run_ddl_visitor(
  File "C:\Users\16375\AppData\Roaming\Python\Python312\site-packages\sqlalchemy\engine\base.py", line 3252, in _run_ddl_visitor
    with self.begin() as conn:
  File "D:\2024.7-2025.1\python\anaconda\Anaconda3\Lib\contextlib.py", line 137, in __enter__
    return next(self.gen)
           ^^^^^^^^^^^^^^
  File "C:\Users\16375\AppData\Roaming\Python\Python312\site-packages\sqlalchemy\engine\base.py", line 3242, in begin
    with self.connect() as conn:
         ^^^^^^^^^^^^^^
  File "C:\Users\16375\AppData\Roaming\Python\Python312\site-packages\sqlalchemy\engine\base.py", line 3278, in connect
    return self._connection_cls(self)
           ^^^^^^^^^^^^^^^^^^^^^^^^^^
  File "C:\Users\16375\AppData\Roaming\Python\Python312\site-packages\sqlalchemy\engine\base.py", line 148, in __init__
    Connection._handle_dbapi_exception_noconnection(
  File "C:\Users\16375\AppData\Roaming\Python\Python312\site-packages\sqlalchemy\engine\base.py", line 2442, in _handle_dbapi_exception_noconnection
    raise sqlalchemy_exception.with_traceback(exc_info[2]) from e
  File "C:\Users\16375\AppData\Roaming\Python\Python312\site-packages\sqlalchemy\engine\base.py", line 146, in __init__
    self._dbapi_connection = engine.raw_connection()
                             ^^^^^^^^^^^^^^^^^^^^^^^
  File "C:\Users\16375\AppData\Roaming\Python\Python312\site-packages\sqlalchemy\engine\base.py", line 3302, in raw_connection
    return self.pool.connect()
           ^^^^^^^^^^^^^^^^^^^
  File "C:\Users\16375\AppData\Roaming\Python\Python312\site-packages\sqlalchemy\pool\base.py", line 449, in connect
    return _ConnectionFairy._checkout(self)
           ^^^^^^^^^^^^^^^^^^^^^^^^^^^^^^^^
  File "C:\Users\16375\AppData\Roaming\Python\Python312\site-packages\sqlalchemy\pool\base.py", line 1263, in _checkout
    fairy = _ConnectionRecord.checkout(pool)
            ^^^^^^^^^^^^^^^^^^^^^^^^^^^^^^^^
  File "C:\Users\16375\AppData\Roaming\Python\Python312\site-packages\sqlalchemy\pool\base.py", line 712, in checkout
    rec = pool._do_get()
          ^^^^^^^^^^^^^^
  File "C:\Users\16375\AppData\Roaming\Python\Python312\site-packages\sqlalchemy\pool\impl.py", line 179, in _do_get
    with util.safe_reraise():
  File "C:\Users\16375\AppData\Roaming\Python\Python312\site-packages\sqlalchemy\util\langhelpers.py", line 146, in __exit__
    raise exc_value.with_traceback(exc_tb)
  File "C:\Users\16375\AppData\Roaming\Python\Python312\site-packages\sqlalchemy\pool\impl.py", line 177, in _do_get
    return self._create_connection()
           ^^^^^^^^^^^^^^^^^^^^^^^^^
  File "C:\Users\16375\AppData\Roaming\Python\Python312\site-packages\sqlalchemy\pool\base.py", line 390, in _create_connection
    return _ConnectionRecord(self)
           ^^^^^^^^^^^^^^^^^^^^^^^
  File "C:\Users\16375\AppData\Roaming\Python\Python312\site-packages\sqlalchemy\pool\base.py", line 674, in __init__
    self.__connect()
  File "C:\Users\16375\AppData\Roaming\Python\Python312\site-packages\sqlalchemy\pool\base.py", line 900, in __connect
    with util.safe_reraise():
  File "C:\Users\16375\AppData\Roaming\Python\Python312\site-packages\sqlalchemy\util\langhelpers.py", line 146, in __exit__
    raise exc_value.with_traceback(exc_tb)
  File "C:\Users\16375\AppData\Roaming\Python\Python312\site-packages\sqlalchemy\pool\base.py", line 896, in __connect
    self.dbapi_connection = connection = pool._invoke_creator(self)
                                         ^^^^^^^^^^^^^^^^^^^^^^^^^^
  File "C:\Users\16375\AppData\Roaming\Python\Python312\site-packages\sqlalchemy\engine\create.py", line 643, in connect
    return dialect.connect(*cargs, **cparams)
           ^^^^^^^^^^^^^^^^^^^^^^^^^^^^^^^^^^
  File "C:\Users\16375\AppData\Roaming\Python\Python312\site-packages\sqlalchemy\engine\default.py", line 621, in connect
    return self.loaded_dbapi.connect(*cargs, **cparams)
           ^^^^^^^^^^^^^^^^^^^^^^^^^^^^^^^^^^^^^^^^^^^^
  File "C:\Users\16375\AppData\Roaming\Python\Python312\site-packages\pymysql\connections.py", line 361, in __init__
    self.connect()
  File "C:\Users\16375\AppData\Roaming\Python\Python312\site-packages\pymysql\connections.py", line 716, in connect
    raise exc
sqlalchemy.exc.OperationalError: (pymysql.err.OperationalError) (2003, "Can't connect to MySQL server on 'localhost' ([WinError 10061] 蚕衾醴梓數呾儂儅憤擇橈ㄛ拸楊蟀諉﹝)")
(Background on this error at: https://sqlalche.me/e/20/e3q8)

ERROR:    Application startup failed. Exiting.
